This file contains any messages produced by compilers while
running configure, to aid debugging if configure makes a mistake.

It was created by configure, which was
generated by GNU Autoconf 2.69.  Invocation command line was

  $ ./configure 

## --------- ##
## Platform. ##
## --------- ##

hostname = MB12.local
uname -m = x86_64
uname -r = 17.3.0
uname -s = Darwin
uname -v = Darwin Kernel Version 17.3.0: Thu Nov  9 18:09:22 PST 2017; root:xnu-4570.31.3~1/RELEASE_X86_64

/usr/bin/uname -p = i386
/bin/uname -X     = unknown

/bin/arch              = unknown
/usr/bin/arch -k       = unknown
/usr/convex/getsysinfo = unknown
/usr/bin/hostinfo      = Mach kernel version:
	 Darwin Kernel Version 17.3.0: Thu Nov  9 18:09:22 PST 2017; root:xnu-4570.31.3~1/RELEASE_X86_64
Kernel configured for up to 4 processors.
2 processors are physically available.
4 processors are logically available.
Processor type: x86_64h (Intel x86-64h Haswell)
Processors active: 0 1 2 3
Primary memory available: 8.00 gigabytes
Default processor set: 390 tasks, 1406 threads, 4 processors
Load average: 2.04, Mach factor: 1.95
/bin/machine           = unknown
/usr/bin/oslevel       = unknown
/bin/universe          = unknown

PATH: /usr/local/bin
PATH: /usr/bin
PATH: /bin
PATH: /usr/sbin
PATH: /sbin
PATH: /Library/TeX/texbin
PATH: /usr/local/bin
PATH: /usr/local/dicom/bin
PATH: /usr/local/bic/bin
PATH: /usr/X/bin
PATH: /usr/local/afni
PATH: /Users/rhoge/Library/Python/2.7/bin


## ----------- ##
## Core tests. ##
## ----------- ##

configure:1708: checking whether make sets $(MAKE)
configure:1730: result: yes
configure:1782: checking for a BSD-compatible install
configure:1850: result: /usr/bin/install -c
configure:1863: checking for makeinfo
configure:1879: found /usr/bin/makeinfo
configure:1891: result: makeinfo
configure:1901: checking for texi2dvi
configure:1917: found /usr/bin/texi2dvi
configure:1929: result: texi2dvi
configure:1939: checking for ptex
configure:1955: found /Library/TeX/texbin/ptex
configure:1967: result: ptex
configure:1979: checking for pbibtex
configure:1995: found /Library/TeX/texbin/pbibtex
configure:2006: result: pbibtex
configure:2020: checking for dvipdfmx
configure:2036: found /Library/TeX/texbin/dvipdfmx
configure:2048: result: dvipdfmx
configure:2058: checking for texi2pdf
configure:2074: found /usr/bin/texi2pdf
configure:2086: result: texi2pdf
configure:2098: checking for egrep
configure:2114: found /usr/bin/egrep
configure:2125: result: egrep
configure:2138: checking for cygpath
configure:2166: result: no
configure:2368: checking for emacs
configure:2386: found /usr/local/bin/emacs
configure:2398: result: /usr/local/bin/emacs
configure:2425: checking what a flavor does /usr/local/bin/emacs have
=> Emacs 25.3
configure:2468: result: Emacs 25.3
configure:2480: checking prefix for /usr/local/bin/emacs
=> /usr/local
configure:2513: result: /usr/local
configure:2521: checking where lisp files should go
configure:2543: result: $(prefix)/share/emacs/site-lisp/w3m/
configure:2703: checking where icon files should go
=> $(prefix)/Cellar/emacs/25.3/share/emacs/25.3/etc/images/w3m
configure:2749: result: $(prefix)/Cellar/emacs/25.3/share/emacs/25.3/etc/images/w3m
configure:2795: checking for gzip
configure:2813: found /usr/bin/gzip
configure:2825: result: /usr/bin/gzip
configure:3006: creating ./config.status

## ---------------------- ##
## Running config.status. ##
## ---------------------- ##

This file was extended by config.status, which was
generated by GNU Autoconf 2.69.  Invocation command line was

  CONFIG_FILES    = 
  CONFIG_HEADERS  = 
  CONFIG_LINKS    = 
  CONFIG_COMMANDS = 
  $ ./config.status 

on MB12.local

config.status:734: creating Makefile
config.status:734: creating doc/Makefile

## ---------------- ##
## Cache variables. ##
## ---------------- ##

EMACS_cv_SYS_flavor='Emacs 25.3'
EMACS_cv_SYS_icondir='$(prefix)/Cellar/emacs/25.3/share/emacs/25.3/etc/images/w3m'
EMACS_cv_SYS_prefix=/usr/local
ac_cv_env_build_alias_set=
ac_cv_env_build_alias_value=
ac_cv_env_host_alias_set=
ac_cv_env_host_alias_value=
ac_cv_env_target_alias_set=
ac_cv_env_target_alias_value=
ac_cv_path_EMACS=/usr/local/bin/emacs
ac_cv_path_GZIP_PROG=/usr/bin/gzip
ac_cv_path_install='/usr/bin/install -c'
ac_cv_prog_CYGPATH=no
ac_cv_prog_DVIPDFMX=dvipdfmx
ac_cv_prog_EGREP=egrep
ac_cv_prog_MAKEINFO=makeinfo
ac_cv_prog_PBIBTEX=pbibtex
ac_cv_prog_PTEX=ptex
ac_cv_prog_TEXI2DVI=texi2dvi
ac_cv_prog_TEXI2PDF=texi2pdf
ac_cv_prog_make_make_set=yes

## ----------------- ##
## Output variables. ##
## ----------------- ##

ADDITIONAL_LOAD_PATH='NONE'
COMPRESS_INSTALL='yes'
CYGPATH='no'
DEFS='-DPACKAGE_NAME=\"\" -DPACKAGE_TARNAME=\"\" -DPACKAGE_VERSION=\"\" -DPACKAGE_STRING=\"\" -DPACKAGE_BUGREPORT=\"\" -DPACKAGE_URL=\"\"'
DVIPDFMX='dvipdfmx'
ECHO_C='\c'
ECHO_N=''
ECHO_T=''
EGREP='egrep'
EMACS='/usr/local/bin/emacs'
GZIP_PROG='/usr/bin/gzip'
ICONDIR='$(prefix)/Cellar/emacs/25.3/share/emacs/25.3/etc/images/w3m'
INSTALL_DATA='${INSTALL} -m 644'
INSTALL_PROGRAM='${INSTALL}'
INSTALL_SCRIPT='${INSTALL}'
LIBOBJS=''
LIBS=''
LTLIBOBJS=''
MAKEINFO='makeinfo'
PACKAGEDIR='NONE'
PACKAGE_BUGREPORT=''
PACKAGE_NAME=''
PACKAGE_STRING=''
PACKAGE_TARNAME=''
PACKAGE_URL=''
PACKAGE_VERSION=''
PATH_SEPARATOR=':'
PBIBTEX='pbibtex'
PTEX='ptex'
SET_MAKE=''
SHELL='/bin/sh'
TEXI2DVI='texi2dvi'
TEXI2PDF='texi2pdf'
VANILLA_FLAG='-q -no-site-file'
XEMACSDEBUG=''
bindir='${exec_prefix}/bin'
build_alias=''
datadir='${datarootdir}'
datarootdir='${prefix}/share'
docdir='${datarootdir}/doc/${PACKAGE}'
dvidir='${docdir}'
exec_prefix='${prefix}'
host_alias=''
htmldir='${docdir}'
includedir='${prefix}/include'
infodir='${datarootdir}/info'
libdir='${exec_prefix}/lib'
libexecdir='${exec_prefix}/libexec'
lispdir='$(prefix)/share/emacs/site-lisp/w3m'
localedir='${datarootdir}/locale'
localstatedir='${prefix}/var'
mandir='${datarootdir}/man'
oldincludedir='/usr/include'
pdfdir='${docdir}'
prefix='/usr/local'
program_transform_name='s,x,x,'
psdir='${docdir}'
sbindir='${exec_prefix}/sbin'
sharedstatedir='${prefix}/com'
sysconfdir='${prefix}/etc'
target_alias=''

## ----------- ##
## confdefs.h. ##
## ----------- ##

/* confdefs.h */
#define PACKAGE_NAME ""
#define PACKAGE_TARNAME ""
#define PACKAGE_VERSION ""
#define PACKAGE_STRING ""
#define PACKAGE_BUGREPORT ""
#define PACKAGE_URL ""

configure: exit 0
